{
  "stats": {
    "suites": 1,
    "tests": 1,
    "passes": 1,
    "pending": 0,
    "failures": 0,
    "start": "2023-05-07T17:10:48.723Z",
    "end": "2023-05-07T17:11:01.277Z",
    "duration": 12554,
    "testsRegistered": 1,
    "passPercent": 100,
    "pendingPercent": 0,
    "other": 0,
    "hasOther": false,
    "skipped": 0,
    "hasSkipped": false
  },
  "results": [
    {
      "uuid": "28ef2825-1158-4e7e-914d-b7b13b78c7dc",
      "title": "",
      "fullFile": "/home/mahendiran/Desktop/E-Commerce/test/registration.test.js",
      "file": "/test/registration.test.js",
      "beforeHooks": [],
      "afterHooks": [],
      "tests": [],
      "suites": [
        {
          "uuid": "6072bd5d-9f5b-48f3-9990-2c50938c803e",
          "title": "Registration Test",
          "fullFile": "/home/mahendiran/Desktop/E-Commerce/test/registration.test.js",
          "file": "/test/registration.test.js",
          "beforeHooks": [
            {
              "title": "\"before all\" hook in \"Registration Test\"",
              "fullTitle": "Registration Test \"before all\" hook in \"Registration Test\"",
              "timedOut": false,
              "duration": 524,
              "state": null,
              "speed": null,
              "pass": false,
              "fail": false,
              "pending": false,
              "context": null,
              "code": "browser = await puppeteer.launch({\n  headless: false,\n  defaultViewport: false,\n  ignoreHTTPSErrors: true,\n  userDataDir: \"./tmp\",\n});\npage = await browser.newPage();\nregistrationPage = new RegistrationPage();",
              "err": {},
              "uuid": "d57e1f5a-1b4d-4ac1-9256-004aab5560f0",
              "parentUUID": "6072bd5d-9f5b-48f3-9990-2c50938c803e",
              "isHook": true,
              "skipped": false
            }
          ],
          "afterHooks": [
            {
              "title": "\"after all\" hook in \"Registration Test\"",
              "fullTitle": "Registration Test \"after all\" hook in \"Registration Test\"",
              "timedOut": false,
              "duration": 203,
              "state": null,
              "speed": null,
              "pass": false,
              "fail": false,
              "pending": false,
              "context": null,
              "code": "await browser.close();",
              "err": {},
              "uuid": "bc083541-7b66-4b91-8f65-2ee8380aafc1",
              "parentUUID": "6072bd5d-9f5b-48f3-9990-2c50938c803e",
              "isHook": true,
              "skipped": false
            }
          ],
          "tests": [
            {
              "title": "should register a new user",
              "fullTitle": "Registration Test should register a new user",
              "timedOut": false,
              "duration": 11817,
              "state": "passed",
              "speed": "slow",
              "pass": true,
              "fail": false,
              "pending": false,
              "context": null,
              "code": "const user = userFactory.createUser();\nawait registrationPage.visit(page, process.env.BASE_URL);\nawait registrationPage.fillRegistrationForm(page, user, registrationPage);",
              "err": {},
              "uuid": "cbf249e6-c57f-483a-82ac-424470e6ba31",
              "parentUUID": "6072bd5d-9f5b-48f3-9990-2c50938c803e",
              "isHook": false,
              "skipped": false
            }
          ],
          "suites": [],
          "passes": [
            "cbf249e6-c57f-483a-82ac-424470e6ba31"
          ],
          "failures": [],
          "pending": [],
          "skipped": [],
          "duration": 11817,
          "root": false,
          "rootEmpty": false,
          "_timeout": 2000
        }
      ],
      "passes": [],
      "failures": [],
      "pending": [],
      "skipped": [],
      "duration": 0,
      "root": true,
      "rootEmpty": true,
      "_timeout": 2000
    }
  ],
  "meta": {
    "mocha": {
      "version": "10.2.0"
    },
    "mochawesome": {
      "options": {
        "quiet": false,
        "reportFilename": "test-report",
        "saveHtml": true,
        "saveJson": true,
        "consoleReporter": "spec",
        "useInlineDiffs": false,
        "code": true
      },
      "version": "7.1.3"
    },
    "marge": {
      "options": {
        "reportDir": "reports",
        "reportFilename": "test-report",
        "reportTitle": "Automation Test Report",
        "inline": "true",
        "ts": "false",
        "headless": "false"
      },
      "version": "6.2.0"
    }
  }
}